<?xml version="1.0" encoding="UTF-8"?>
<testsuite xmlns:xsi="http://www.w3.org/2001/XMLSchema-instance" xsi:noNamespaceSchemaLocation="https://maven.apache.org/surefire/maven-surefire-plugin/xsd/surefire-test-report-3.0.xsd" version="3.0" name="com.register.wowlibre.WowlibreApplicationTests" time="6.503" tests="1" errors="0" skipped="0" failures="0">
  <properties>
[...]
</properties>
  <testcase name="contextLoads" classname="com.register.wowlibre.WowlibreApplicationTests" time="0.359">
    <system-out><![CDATA[15:36:21.778 [main] INFO org.springframework.test.context.support.AnnotationConfigContextLoaderUtils -- Could not detect default configuration classes for test class [com.register.wowlibre.WowlibreApplicationTests]: WowlibreApplicationTests does not declare any static, non-private, non-final, nested classes annotated with @Configuration.
15:36:21.870 [main] INFO org.springframework.boot.test.context.SpringBootTestContextBootstrapper -- Found @SpringBootConfiguration com.register.wowlibre.WowlibreApplication for test class com.register.wowlibre.WowlibreApplicationTests
15:36:21,696 |-INFO in ch.qos.logback.classic.LoggerContext[default] - This is logback-classic version 1.5.8
15:36:21,698 |-INFO in ch.qos.logback.classic.util.ContextInitializer@444548a0 - Here is a list of configurators discovered as a service, by rank: 
15:36:21,698 |-INFO in ch.qos.logback.classic.util.ContextInitializer@444548a0 -   org.springframework.boot.logging.logback.RootLogLevelConfigurator
15:36:21,698 |-INFO in ch.qos.logback.classic.util.ContextInitializer@444548a0 - They will be invoked in order until ExecutionStatus.DO_NOT_INVOKE_NEXT_IF_ANY is returned.
15:36:21,698 |-INFO in ch.qos.logback.classic.util.ContextInitializer@444548a0 - Constructed configurator of type class org.springframework.boot.logging.logback.RootLogLevelConfigurator
15:36:21,703 |-INFO in ch.qos.logback.classic.util.ContextInitializer@444548a0 - org.springframework.boot.logging.logback.RootLogLevelConfigurator.configure() call lasted 0 milliseconds. ExecutionStatus=INVOKE_NEXT_IF_ANY
15:36:21,703 |-INFO in ch.qos.logback.classic.util.ContextInitializer@444548a0 - Trying to configure with ch.qos.logback.classic.joran.SerializedModelConfigurator
15:36:21,703 |-INFO in ch.qos.logback.classic.util.ContextInitializer@444548a0 - Constructed configurator of type class ch.qos.logback.classic.joran.SerializedModelConfigurator
15:36:21,704 |-INFO in ch.qos.logback.classic.LoggerContext[default] - Could NOT find resource [logback-test.scmo]
15:36:21,705 |-INFO in ch.qos.logback.classic.LoggerContext[default] - Could NOT find resource [logback.scmo]
15:36:21,705 |-INFO in ch.qos.logback.classic.util.ContextInitializer@444548a0 - ch.qos.logback.classic.joran.SerializedModelConfigurator.configure() call lasted 2 milliseconds. ExecutionStatus=INVOKE_NEXT_IF_ANY
15:36:21,705 |-INFO in ch.qos.logback.classic.util.ContextInitializer@444548a0 - Trying to configure with ch.qos.logback.classic.util.DefaultJoranConfigurator
15:36:21,705 |-INFO in ch.qos.logback.classic.util.ContextInitializer@444548a0 - Constructed configurator of type class ch.qos.logback.classic.util.DefaultJoranConfigurator
15:36:21,705 |-INFO in ch.qos.logback.classic.LoggerContext[default] - Could NOT find resource [logback-test.xml]
15:36:21,705 |-INFO in ch.qos.logback.classic.LoggerContext[default] - Could NOT find resource [logback.xml]
15:36:21,705 |-INFO in ch.qos.logback.classic.util.ContextInitializer@444548a0 - ch.qos.logback.classic.util.DefaultJoranConfigurator.configure() call lasted 0 milliseconds. ExecutionStatus=INVOKE_NEXT_IF_ANY
15:36:21,705 |-INFO in ch.qos.logback.classic.util.ContextInitializer@444548a0 - Trying to configure with ch.qos.logback.classic.BasicConfigurator
15:36:21,706 |-INFO in ch.qos.logback.classic.util.ContextInitializer@444548a0 - Constructed configurator of type class ch.qos.logback.classic.BasicConfigurator
15:36:21,706 |-INFO in ch.qos.logback.classic.BasicConfigurator@3766c667 - Setting up default configuration.
15:36:21,713 |-INFO in ch.qos.logback.classic.util.ContextInitializer@444548a0 - ch.qos.logback.classic.BasicConfigurator.configure() call lasted 7 milliseconds. ExecutionStatus=NEUTRAL
15:36:22,213 |-INFO in ch.qos.logback.core.model.processor.AppenderModelHandler - Processing appender named [Console]
15:36:22,213 |-INFO in ch.qos.logback.core.model.processor.AppenderModelHandler - About to instantiate appender of type [ch.qos.logback.core.ConsoleAppender]
15:36:22,227 |-WARN in ch.qos.logback.core.ConsoleAppender[Console] - This appender no longer admits a layout as a sub-component, set an encoder instead.
15:36:22,227 |-WARN in ch.qos.logback.core.ConsoleAppender[Console] - To ensure compatibility, wrapping your layout in LayoutWrappingEncoder.
15:36:22,227 |-WARN in ch.qos.logback.core.ConsoleAppender[Console] - See also http://logback.qos.ch/codes.html#layoutInsteadOfEncoder for details
15:36:22,227 |-INFO in ch.qos.logback.core.model.processor.AppenderModelHandler - Processing appender named [RollingFile]
15:36:22,227 |-INFO in ch.qos.logback.core.model.processor.AppenderModelHandler - About to instantiate appender of type [ch.qos.logback.core.rolling.RollingFileAppender]
15:36:22,229 |-INFO in ch.qos.logback.core.model.processor.ModelInterpretationContext@773c0293 - value "./logs/skoll-gateway-server-api.log" substituted for "${LOGS}/skoll-gateway-server-api.log"
15:36:22,230 |-WARN in ch.qos.logback.core.rolling.RollingFileAppender[RollingFile] - No TriggeringPolicy was set for the RollingFileAppender named RollingFile
15:36:22,230 |-WARN in ch.qos.logback.core.rolling.RollingFileAppender[RollingFile] - For more information, please visit http://logback.qos.ch/codes.html#rfa_no_tp
15:36:22,230 |-INFO in ch.qos.logback.classic.model.processor.RootLoggerModelHandler - Setting level of ROOT logger to INFO
15:36:22,230 |-INFO in ch.qos.logback.classic.jul.LevelChangePropagator@55b8dbda - Propagating INFO level on Logger[ROOT] onto the JUL framework
15:36:22,230 |-INFO in ch.qos.logback.core.model.processor.AppenderRefModelHandler - Attaching appender named [RollingFile] to Logger[ROOT]
15:36:22,230 |-INFO in ch.qos.logback.core.model.processor.AppenderRefModelHandler - Attaching appender named [Console] to Logger[ROOT]
15:36:22,230 |-INFO in ch.qos.logback.classic.model.processor.LoggerModelHandler - Setting level of logger [com.baeldung] to TRACE
15:36:22,230 |-INFO in ch.qos.logback.classic.jul.LevelChangePropagator@55b8dbda - Propagating TRACE level on Logger[com.baeldung] onto the JUL framework
15:36:22,231 |-INFO in ch.qos.logback.classic.model.processor.LoggerModelHandler - Setting additivity of logger [com.baeldung] to false
15:36:22,231 |-INFO in ch.qos.logback.core.model.processor.AppenderRefModelHandler - Attaching appender named [RollingFile] to Logger[com.baeldung]
15:36:22,231 |-INFO in ch.qos.logback.core.model.processor.AppenderRefModelHandler - Attaching appender named [Console] to Logger[com.baeldung]
15:36:22,231 |-INFO in ch.qos.logback.core.model.processor.DefaultProcessor@3b569985 - End of configuration.
15:36:22,231 |-INFO in org.springframework.boot.logging.logback.SpringBootJoranConfigurator@3a022576 - Registering current configuration as safe fallback point


  .   ____          _            __ _ _
 /\\ / ___'_ __ _ _(_)_ __  __ _ \ \ \ \
( ( )\___ | '_ | '_| | '_ \/ _` | \ \ \ \
 \\/  ___)| |_)| | | | | || (_| |  ) ) ) )
  '  |____| .__|_| |_|_| |_\__, | / / / /
 =========|_|==============|___/=/_/_/_/

 :: Spring Boot ::                (v3.3.4)

&amp#27;[36m2024-11-24 15:36:22,252&amp#27;[0;39m &amp#27;[31mINFO &amp#27;[0;39m []  [&amp#27;[36mbackground-preinit&amp#27;[0;39m] &amp#27;[34mo.h.v.i.u.Version&amp#27;[0;39m: HV000001: Hibernate Validator 8.0.1.Final
&amp#27;[36m2024-11-24 15:36:22,258&amp#27;[0;39m &amp#27;[31mWARN &amp#27;[0;39m []  [&amp#27;[36mmain&amp#27;[0;39m] &amp#27;[34mo.s.b.t.j.DuplicateJsonObjectContextCustomizerFactory$DuplicateJsonObjectContextCustomizer&amp#27;[0;39m: 

Found multiple occurrences of org.json.JSONObject on the class path:

	jar:file:/C:/Users/usuario/.m2/repository/com/vaadin/external/google/android-json/0.0.20131108.vaadin1/android-json-0.0.20131108.vaadin1.jar!/org/json/JSONObject.class
	jar:file:/C:/Users/usuario/.m2/repository/org/json/json/20240303/json-20240303.jar!/org/json/JSONObject.class

You may wish to exclude one of them to ensure predictable runtime behavior

&amp#27;[36m2024-11-24 15:36:22,269&amp#27;[0;39m &amp#27;[31mINFO &amp#27;[0;39m []  [&amp#27;[36mmain&amp#27;[0;39m] &amp#27;[34mo.s.b.StartupInfoLogger&amp#27;[0;39m: Starting WowlibreApplicationTests using Java 17.0.12 with PID 13288 (started by usuario in C:\Users\usuario\Documents\worskpace\wow-libre-register)
&amp#27;[36m2024-11-24 15:36:22,270&amp#27;[0;39m &amp#27;[31mINFO &amp#27;[0;39m []  [&amp#27;[36mmain&amp#27;[0;39m] &amp#27;[34mo.s.b.SpringApplication&amp#27;[0;39m: The following 1 profile is active: "local"
&amp#27;[36m2024-11-24 15:36:23,024&amp#27;[0;39m &amp#27;[31mINFO &amp#27;[0;39m []  [&amp#27;[36mmain&amp#27;[0;39m] &amp#27;[34mo.s.d.r.c.RepositoryConfigurationDelegate&amp#27;[0;39m: Multiple Spring Data modules found, entering strict repository configuration mode
&amp#27;[36m2024-11-24 15:36:23,026&amp#27;[0;39m &amp#27;[31mINFO &amp#27;[0;39m []  [&amp#27;[36mmain&amp#27;[0;39m] &amp#27;[34mo.s.d.r.c.RepositoryConfigurationDelegate&amp#27;[0;39m: Bootstrapping Spring Data JPA repositories in DEFAULT mode.
&amp#27;[36m2024-11-24 15:36:23,196&amp#27;[0;39m &amp#27;[31mINFO &amp#27;[0;39m []  [&amp#27;[36mmain&amp#27;[0;39m] &amp#27;[34mo.s.d.r.c.RepositoryConfigurationDelegate&amp#27;[0;39m: Finished Spring Data repository scanning in 163 ms. Found 9 JPA repository interfaces.
&amp#27;[36m2024-11-24 15:36:23,210&amp#27;[0;39m &amp#27;[31mINFO &amp#27;[0;39m []  [&amp#27;[36mmain&amp#27;[0;39m] &amp#27;[34mo.s.d.r.c.RepositoryConfigurationDelegate&amp#27;[0;39m: Multiple Spring Data modules found, entering strict repository configuration mode
&amp#27;[36m2024-11-24 15:36:23,212&amp#27;[0;39m &amp#27;[31mINFO &amp#27;[0;39m []  [&amp#27;[36mmain&amp#27;[0;39m] &amp#27;[34mo.s.d.r.c.RepositoryConfigurationDelegate&amp#27;[0;39m: Bootstrapping Spring Data Redis repositories in DEFAULT mode.
&amp#27;[36m2024-11-24 15:36:23,236&amp#27;[0;39m &amp#27;[31mINFO &amp#27;[0;39m []  [&amp#27;[36mmain&amp#27;[0;39m] &amp#27;[34mo.s.d.r.c.RepositoryConfigurationExtensionSupport&amp#27;[0;39m: Spring Data Redis - Could not safely identify store assignment for repository candidate interface com.register.wowlibre.infrastructure.repositories.account_game.AccountGameRepository; If you want this repository to be a Redis repository, consider annotating your entities with one of these annotations: org.springframework.data.redis.core.RedisHash (preferred), or consider extending one of the following types with your repository: org.springframework.data.keyvalue.repository.KeyValueRepository
&amp#27;[36m2024-11-24 15:36:23,237&amp#27;[0;39m &amp#27;[31mINFO &amp#27;[0;39m []  [&amp#27;[36mmain&amp#27;[0;39m] &amp#27;[34mo.s.d.r.c.RepositoryConfigurationExtensionSupport&amp#27;[0;39m: Spring Data Redis - Could not safely identify store assignment for repository candidate interface com.register.wowlibre.infrastructure.repositories.benefit_guild.BenefitGuildRepository; If you want this repository to be a Redis repository, consider annotating your entities with one of these annotations: org.springframework.data.redis.core.RedisHash (preferred), or consider extending one of the following types with your repository: org.springframework.data.keyvalue.repository.KeyValueRepository
&amp#27;[36m2024-11-24 15:36:23,237&amp#27;[0;39m &amp#27;[31mINFO &amp#27;[0;39m []  [&amp#27;[36mmain&amp#27;[0;39m] &amp#27;[34mo.s.d.r.c.RepositoryConfigurationExtensionSupport&amp#27;[0;39m: Spring Data Redis - Could not safely identify store assignment for repository candidate interface com.register.wowlibre.infrastructure.repositories.character_benefit_guild.CharacterBenefitGuildRepository; If you want this repository to be a Redis repository, consider annotating your entities with one of these annotations: org.springframework.data.redis.core.RedisHash (preferred), or consider extending one of the following types with your repository: org.springframework.data.keyvalue.repository.KeyValueRepository
&amp#27;[36m2024-11-24 15:36:23,238&amp#27;[0;39m &amp#27;[31mINFO &amp#27;[0;39m []  [&amp#27;[36mmain&amp#27;[0;39m] &amp#27;[34mo.s.d.r.c.RepositoryConfigurationExtensionSupport&amp#27;[0;39m: Spring Data Redis - Could not safely identify store assignment for repository candidate interface com.register.wowlibre.infrastructure.repositories.credit_loans.CreditLoansRepository; If you want this repository to be a Redis repository, consider annotating your entities with one of these annotations: org.springframework.data.redis.core.RedisHash (preferred), or consider extending one of the following types with your repository: org.springframework.data.keyvalue.repository.KeyValueRepository
&amp#27;[36m2024-11-24 15:36:23,238&amp#27;[0;39m &amp#27;[31mINFO &amp#27;[0;39m []  [&amp#27;[36mmain&amp#27;[0;39m] &amp#27;[34mo.s.d.r.c.RepositoryConfigurationExtensionSupport&amp#27;[0;39m: Spring Data Redis - Could not safely identify store assignment for repository candidate interface com.register.wowlibre.infrastructure.repositories.rol.RolRepository; If you want this repository to be a Redis repository, consider annotating your entities with one of these annotations: org.springframework.data.redis.core.RedisHash (preferred), or consider extending one of the following types with your repository: org.springframework.data.keyvalue.repository.KeyValueRepository
&amp#27;[36m2024-11-24 15:36:23,238&amp#27;[0;39m &amp#27;[31mINFO &amp#27;[0;39m []  [&amp#27;[36mmain&amp#27;[0;39m] &amp#27;[34mo.s.d.r.c.RepositoryConfigurationExtensionSupport&amp#27;[0;39m: Spring Data Redis - Could not safely identify store assignment for repository candidate interface com.register.wowlibre.infrastructure.repositories.server.ServerRepository; If you want this repository to be a Redis repository, consider annotating your entities with one of these annotations: org.springframework.data.redis.core.RedisHash (preferred), or consider extending one of the following types with your repository: org.springframework.data.keyvalue.repository.KeyValueRepository
&amp#27;[36m2024-11-24 15:36:23,238&amp#27;[0;39m &amp#27;[31mINFO &amp#27;[0;39m []  [&amp#27;[36mmain&amp#27;[0;39m] &amp#27;[34mo.s.d.r.c.RepositoryConfigurationExtensionSupport&amp#27;[0;39m: Spring Data Redis - Could not safely identify store assignment for repository candidate interface com.register.wowlibre.infrastructure.repositories.server_services.ServerServicesRepository; If you want this repository to be a Redis repository, consider annotating your entities with one of these annotations: org.springframework.data.redis.core.RedisHash (preferred), or consider extending one of the following types with your repository: org.springframework.data.keyvalue.repository.KeyValueRepository
&amp#27;[36m2024-11-24 15:36:23,239&amp#27;[0;39m &amp#27;[31mINFO &amp#27;[0;39m []  [&amp#27;[36mmain&amp#27;[0;39m] &amp#27;[34mo.s.d.r.c.RepositoryConfigurationExtensionSupport&amp#27;[0;39m: Spring Data Redis - Could not safely identify store assignment for repository candidate interface com.register.wowlibre.infrastructure.repositories.user.UserRepository; If you want this repository to be a Redis repository, consider annotating your entities with one of these annotations: org.springframework.data.redis.core.RedisHash (preferred), or consider extending one of the following types with your repository: org.springframework.data.keyvalue.repository.KeyValueRepository
&amp#27;[36m2024-11-24 15:36:23,239&amp#27;[0;39m &amp#27;[31mINFO &amp#27;[0;39m []  [&amp#27;[36mmain&amp#27;[0;39m] &amp#27;[34mo.s.d.r.c.RepositoryConfigurationExtensionSupport&amp#27;[0;39m: Spring Data Redis - Could not safely identify store assignment for repository candidate interface com.register.wowlibre.infrastructure.repositories.user_promotion.UserPromotionRepository; If you want this repository to be a Redis repository, consider annotating your entities with one of these annotations: org.springframework.data.redis.core.RedisHash (preferred), or consider extending one of the following types with your repository: org.springframework.data.keyvalue.repository.KeyValueRepository
&amp#27;[36m2024-11-24 15:36:23,239&amp#27;[0;39m &amp#27;[31mINFO &amp#27;[0;39m []  [&amp#27;[36mmain&amp#27;[0;39m] &amp#27;[34mo.s.d.r.c.RepositoryConfigurationDelegate&amp#27;[0;39m: Finished Spring Data repository scanning in 19 ms. Found 0 Redis repository interfaces.
&amp#27;[36m2024-11-24 15:36:23,818&amp#27;[0;39m &amp#27;[31mINFO &amp#27;[0;39m []  [&amp#27;[36mmain&amp#27;[0;39m] &amp#27;[34mo.h.j.i.u.LogHelper&amp#27;[0;39m: HHH000204: Processing PersistenceUnitInfo [name: default]
&amp#27;[36m2024-11-24 15:36:23,873&amp#27;[0;39m &amp#27;[31mINFO &amp#27;[0;39m []  [&amp#27;[36mmain&amp#27;[0;39m] &amp#27;[34mo.h.Version&amp#27;[0;39m: HHH000412: Hibernate ORM core version 6.5.3.Final
&amp#27;[36m2024-11-24 15:36:23,905&amp#27;[0;39m &amp#27;[31mINFO &amp#27;[0;39m []  [&amp#27;[36mmain&amp#27;[0;39m] &amp#27;[34mo.h.c.i.RegionFactoryInitiator&amp#27;[0;39m: HHH000026: Second-level cache disabled
&amp#27;[36m2024-11-24 15:36:24,159&amp#27;[0;39m &amp#27;[31mINFO &amp#27;[0;39m []  [&amp#27;[36mmain&amp#27;[0;39m] &amp#27;[34mo.s.o.j.p.SpringPersistenceUnitInfo&amp#27;[0;39m: No LoadTimeWeaver setup: ignoring JPA class transformer
&amp#27;[36m2024-11-24 15:36:24,181&amp#27;[0;39m &amp#27;[31mINFO &amp#27;[0;39m []  [&amp#27;[36mmain&amp#27;[0;39m] &amp#27;[34mc.z.h.HikariDataSource&amp#27;[0;39m: HikariPool-1 - Starting...
&amp#27;[36m2024-11-24 15:36:24,379&amp#27;[0;39m &amp#27;[31mINFO &amp#27;[0;39m []  [&amp#27;[36mmain&amp#27;[0;39m] &amp#27;[34mc.z.h.p.HikariPool&amp#27;[0;39m: HikariPool-1 - Added connection com.mysql.cj.jdbc.ConnectionImpl@2c224096
&amp#27;[36m2024-11-24 15:36:24,381&amp#27;[0;39m &amp#27;[31mINFO &amp#27;[0;39m []  [&amp#27;[36mmain&amp#27;[0;39m] &amp#27;[34mc.z.h.HikariDataSource&amp#27;[0;39m: HikariPool-1 - Start completed.
&amp#27;[36m2024-11-24 15:36:25,163&amp#27;[0;39m &amp#27;[31mINFO &amp#27;[0;39m []  [&amp#27;[36mmain&amp#27;[0;39m] &amp#27;[34mo.h.e.t.j.p.i.JtaPlatformInitiator&amp#27;[0;39m: HHH000489: No JTA platform available (set 'hibernate.transaction.jta.platform' to enable JTA platform integration)
&amp#27;[36m2024-11-24 15:36:25,166&amp#27;[0;39m &amp#27;[31mINFO &amp#27;[0;39m []  [&amp#27;[36mmain&amp#27;[0;39m] &amp#27;[34mo.s.o.j.AbstractEntityManagerFactoryBean&amp#27;[0;39m: Initialized JPA EntityManagerFactory for persistence unit 'default'
&amp#27;[36m2024-11-24 15:36:25,583&amp#27;[0;39m &amp#27;[31mINFO &amp#27;[0;39m []  [&amp#27;[36mmain&amp#27;[0;39m] &amp#27;[34mo.s.d.j.r.q.QueryEnhancerFactory&amp#27;[0;39m: Hibernate is in classpath; If applicable, HQL parser will be used.
&amp#27;[36m2024-11-24 15:36:26,247&amp#27;[0;39m &amp#27;[31mWARN &amp#27;[0;39m []  [&amp#27;[36mmain&amp#27;[0;39m] &amp#27;[34mo.s.b.a.o.j.JpaBaseConfiguration$JpaWebConfiguration&amp#27;[0;39m: spring.jpa.open-in-view is enabled by default. Therefore, database queries may be performed during view rendering. Explicitly configure spring.jpa.open-in-view to disable this warning
&amp#27;[36m2024-11-24 15:36:27,107&amp#27;[0;39m &amp#27;[31mINFO &amp#27;[0;39m []  [&amp#27;[36mmain&amp#27;[0;39m] &amp#27;[34mo.s.s.c.a.a.c.InitializeAuthenticationProviderBeanManagerConfigurer$InitializeAuthenticationProviderManagerConfigurer&amp#27;[0;39m: Global AuthenticationManager configured with AuthenticationProvider bean with name authenticationProvider
&amp#27;[36m2024-11-24 15:36:27,108&amp#27;[0;39m &amp#27;[31mWARN &amp#27;[0;39m []  [&amp#27;[36mmain&amp#27;[0;39m] &amp#27;[34mo.s.s.c.a.a.c.InitializeUserDetailsBeanManagerConfigurer$InitializeUserDetailsManagerConfigurer&amp#27;[0;39m: Global AuthenticationManager configured with an AuthenticationProvider bean. UserDetailsService beans will not be used for username/password login. Consider removing the AuthenticationProvider bean. Alternatively, consider using the UserDetailsService in a manually instantiated DaoAuthenticationProvider.
&amp#27;[36m2024-11-24 15:36:27,798&amp#27;[0;39m &amp#27;[31mINFO &amp#27;[0;39m []  [&amp#27;[36mmain&amp#27;[0;39m] &amp#27;[34mo.s.b.StartupInfoLogger&amp#27;[0;39m: Started WowlibreApplicationTests in 5.817 seconds (process running for 6.593)
]]></system-out>
  </testcase>
</testsuite>